<?xml version="1.0" encoding="UTF-8"?>
<!-- Generated by org.testng.reporters.JUnitReportReporter -->
<testsuite hostname="MacBook-Pro-Anastasia-2.local" failures="0" tests="2" name="test.SportsmenTeamsDAOTest" time="0.223" errors="0" timestamp="22 Mar 2020 11:40:28 GMT" skipped="0">
  <testcase classname="test.SportsmenTeamsDAOTest" name="getSportsmenTeams" time="0.107"/>
  <testcase classname="test.SportsmenTeamsDAOTest" name="findAll" time="0.116"/>
</testsuite> <!-- test.SportsmenTeamsDAOTest -->
