<?xml version="1.0" encoding="UTF-8"?>
<!-- Generated by org.testng.reporters.JUnitReportReporter -->
<testsuite hostname="MacBook-Pro-Anastasia-2.local" failures="0" tests="3" name="test.SportsmanDAOTest" time="0.328" errors="0" timestamp="22 Mar 2020 11:40:28 GMT" skipped="0">
  <testcase classname="test.SportsmanDAOTest" name="getSportsman" time="0.101"/>
  <testcase classname="test.SportsmanDAOTest" name="saveUpdateDelete" time="0.105"/>
  <testcase classname="test.SportsmanDAOTest" name="findAll" time="0.122"/>
</testsuite> <!-- test.SportsmanDAOTest -->
