<?xml version="1.0" encoding="UTF-8"?>
<!-- Generated by org.testng.reporters.JUnitReportReporter -->
<testsuite skipped="0" hostname="MacBook-Pro-Anastasia-2.local" name="test.CompetitionDAOTest" tests="3" failures="0" timestamp="19 Apr 2020 17:11:47 GMT" time="2.131" errors="0">
  <testcase name="getCompetition" time="1.792" classname="test.CompetitionDAOTest"/>
  <testcase name="saveUpdateDelete" time="0.117" classname="test.CompetitionDAOTest"/>
  <testcase name="findAll" time="0.222" classname="test.CompetitionDAOTest"/>
</testsuite> <!-- test.CompetitionDAOTest -->
