<?xml version="1.0" encoding="UTF-8"?>
<!-- Generated by org.testng.reporters.JUnitReportReporter -->
<testsuite hostname="MacBook-Pro-Anastasia-2.local" failures="0" tests="2" name="test.CompTeamsDAOTest" time="0.204" errors="0" timestamp="24 Mar 2020 11:08:18 GMT" skipped="0">
  <testcase classname="test.CompTeamsDAOTest" name="getCompTeams" time="0.110"/>
  <testcase classname="test.CompTeamsDAOTest" name="findAll" time="0.094"/>
</testsuite> <!-- test.CompTeamsDAOTest -->
