<?xml version="1.0" encoding="UTF-8"?>
<!-- Generated by org.testng.reporters.JUnitReportReporter -->
<testsuite hostname="MacBook-Pro-Anastasia-2.local" failures="0" tests="2" name="test.SportsmenTeamsDAOTest" time="0.173" errors="0" timestamp="24 Mar 2020 11:08:18 GMT" skipped="0">
  <testcase classname="test.SportsmenTeamsDAOTest" name="getSportsmenTeams" time="0.096"/>
  <testcase classname="test.SportsmenTeamsDAOTest" name="findAll" time="0.077"/>
</testsuite> <!-- test.SportsmenTeamsDAOTest -->
