<?xml version="1.0" encoding="UTF-8"?>
<!-- Generated by org.testng.reporters.JUnitReportReporter -->
<testsuite skipped="0" hostname="MacBook-Pro-Anastasia-2.local" name="test.SeatsDAOTest" tests="2" failures="0" timestamp="19 Apr 2020 17:11:47 GMT" time="0.269" errors="0">
  <testcase name="getSeats" time="0.147" classname="test.SeatsDAOTest"/>
  <testcase name="findAll" time="0.122" classname="test.SeatsDAOTest"/>
</testsuite> <!-- test.SeatsDAOTest -->
