<?xml version="1.0" encoding="UTF-8"?>
<!-- Generated by org.testng.reporters.JUnitReportReporter -->
<testsuite hostname="MacBook-Pro-Anastasia-2.local" failures="0" tests="2" name="test.SeatsDAOTest" time="0.197" errors="0" timestamp="22 Mar 2020 11:40:28 GMT" skipped="0">
  <testcase classname="test.SeatsDAOTest" name="getSeats" time="0.099"/>
  <testcase classname="test.SeatsDAOTest" name="findAll" time="0.098"/>
</testsuite> <!-- test.SeatsDAOTest -->
