<?xml version="1.0" encoding="UTF-8"?>
<!-- Generated by org.testng.reporters.JUnitReportReporter -->
<testsuite skipped="0" hostname="MacBook-Pro-Anastasia-2.local" name="test.TrainerDAOTest" tests="3" failures="0" timestamp="19 Apr 2020 17:11:47 GMT" time="0.302" errors="0">
  <testcase name="getTrainer" time="0.103" classname="test.TrainerDAOTest"/>
  <testcase name="saveUpdateDelete" time="0.104" classname="test.TrainerDAOTest"/>
  <testcase name="findAll" time="0.095" classname="test.TrainerDAOTest"/>
</testsuite> <!-- test.TrainerDAOTest -->
