<?xml version="1.0" encoding="UTF-8"?>
<!-- Generated by org.testng.reporters.JUnitReportReporter -->
<testsuite hostname="MacBook-Pro-Anastasia-2.local" failures="0" tests="3" name="test.SportsmanDAOTest" time="0.258" errors="0" timestamp="24 Mar 2020 11:08:18 GMT" skipped="0">
  <testcase classname="test.SportsmanDAOTest" name="getSportsman" time="0.095"/>
  <testcase classname="test.SportsmanDAOTest" name="saveUpdateDelete" time="0.087"/>
  <testcase classname="test.SportsmanDAOTest" name="findAll" time="0.076"/>
</testsuite> <!-- test.SportsmanDAOTest -->
