<?xml version="1.0" encoding="UTF-8"?>
<!-- Generated by org.testng.reporters.JUnitReportReporter -->
<testsuite hostname="MacBook-Pro-Anastasia-2.local" failures="0" tests="2" name="test.CompTeamsDAOTest" time="0.233" errors="0" timestamp="22 Mar 2020 11:40:28 GMT" skipped="0">
  <testcase classname="test.CompTeamsDAOTest" name="getCompTeams" time="0.125"/>
  <testcase classname="test.CompTeamsDAOTest" name="findAll" time="0.108"/>
</testsuite> <!-- test.CompTeamsDAOTest -->
