<?xml version="1.0" encoding="UTF-8"?>
<!-- Generated by org.testng.reporters.JUnitReportReporter -->
<testsuite hostname="MacBook-Pro-Anastasia-2.local" failures="0" tests="3" name="test.TrainerDAOTest" time="0.279" errors="0" timestamp="22 Mar 2020 11:40:28 GMT" skipped="0">
  <testcase classname="test.TrainerDAOTest" name="getTrainer" time="0.107"/>
  <testcase classname="test.TrainerDAOTest" name="saveUpdateDelete" time="0.090"/>
  <testcase classname="test.TrainerDAOTest" name="findAll" time="0.082"/>
</testsuite> <!-- test.TrainerDAOTest -->
