<?xml version="1.0" encoding="UTF-8"?>
<!-- Generated by org.testng.reporters.JUnitReportReporter -->
<testsuite skipped="0" hostname="MacBook-Pro-Anastasia-2.local" name="test.TeamDAOTest" tests="3" failures="0" timestamp="19 Apr 2020 17:11:47 GMT" time="0.328" errors="0">
  <testcase name="getTrainer" time="0.110" classname="test.TeamDAOTest"/>
  <testcase name="saveUpdateDelete" time="0.104" classname="test.TeamDAOTest"/>
  <testcase name="findAll" time="0.114" classname="test.TeamDAOTest"/>
</testsuite> <!-- test.TeamDAOTest -->
