<?xml version="1.0" encoding="UTF-8"?>
<!-- Generated by org.testng.reporters.JUnitReportReporter -->
<testsuite hostname="MacBook-Pro-Anastasia-2.local" failures="0" tests="3" name="test.CompetitionDAOTest" time="1.524" errors="0" timestamp="22 Mar 2020 11:40:28 GMT" skipped="0">
  <testcase classname="test.CompetitionDAOTest" name="getCompetition" time="1.296"/>
  <testcase classname="test.CompetitionDAOTest" name="saveUpdateDelete" time="0.105"/>
  <testcase classname="test.CompetitionDAOTest" name="findAll" time="0.123"/>
</testsuite> <!-- test.CompetitionDAOTest -->
