<?xml version="1.0" encoding="UTF-8"?>
<!-- Generated by org.testng.reporters.JUnitReportReporter -->
<testsuite skipped="0" hostname="MacBook-Pro-Anastasia-2.local" name="test.SportsmenTeamsDAOTest" tests="2" failures="0" timestamp="19 Apr 2020 17:11:47 GMT" time="0.212" errors="0">
  <testcase name="getSportsmenTeams" time="0.114" classname="test.SportsmenTeamsDAOTest"/>
  <testcase name="findAll" time="0.098" classname="test.SportsmenTeamsDAOTest"/>
</testsuite> <!-- test.SportsmenTeamsDAOTest -->
