<?xml version="1.0" encoding="UTF-8"?>
<!-- Generated by org.testng.reporters.JUnitReportReporter -->
<testsuite skipped="0" hostname="MacBook-Pro-Anastasia-2.local" name="test.SportsmanDAOTest" tests="3" failures="0" timestamp="19 Apr 2020 17:11:47 GMT" time="0.330" errors="0">
  <testcase name="getSportsman" time="0.127" classname="test.SportsmanDAOTest"/>
  <testcase name="saveUpdateDelete" time="0.107" classname="test.SportsmanDAOTest"/>
  <testcase name="findAll" time="0.096" classname="test.SportsmanDAOTest"/>
</testsuite> <!-- test.SportsmanDAOTest -->
