<?xml version="1.0" encoding="UTF-8"?>
<!-- Generated by org.testng.reporters.JUnitReportReporter -->
<testsuite skipped="0" hostname="MacBook-Pro-Anastasia-2.local" name="test.CompTeamsDAOTest" tests="2" failures="0" timestamp="19 Apr 2020 17:11:47 GMT" time="0.265" errors="0">
  <testcase name="getCompTeams" time="0.139" classname="test.CompTeamsDAOTest"/>
  <testcase name="findAll" time="0.126" classname="test.CompTeamsDAOTest"/>
</testsuite> <!-- test.CompTeamsDAOTest -->
