<?xml version="1.0" encoding="UTF-8"?>
<!-- Generated by org.testng.reporters.JUnitReportReporter -->
<testsuite skipped="0" hostname="MacBook-Pro-Anastasia-2.local" name="test.CompSportsmenDAOTest" tests="2" failures="0" timestamp="19 Apr 2020 17:11:47 GMT" time="0.277" errors="0">
  <testcase name="getCompSportsmen" time="0.174" classname="test.CompSportsmenDAOTest"/>
  <testcase name="findAll" time="0.103" classname="test.CompSportsmenDAOTest"/>
</testsuite> <!-- test.CompSportsmenDAOTest -->
