<?xml version="1.0" encoding="UTF-8"?>
<!-- Generated by org.testng.reporters.JUnitReportReporter -->
<testsuite hostname="MacBook-Pro-Anastasia-2.local" failures="0" tests="2" name="test.CompSportsmenDAOTest" time="0.274" errors="0" timestamp="22 Mar 2020 11:40:28 GMT" skipped="0">
  <testcase classname="test.CompSportsmenDAOTest" name="getCompSportsmen" time="0.178"/>
  <testcase classname="test.CompSportsmenDAOTest" name="findAll" time="0.096"/>
</testsuite> <!-- test.CompSportsmenDAOTest -->
