<?xml version="1.0" encoding="UTF-8"?>
<!-- Generated by org.testng.reporters.JUnitReportReporter -->
<testsuite hostname="MacBook-Pro-Anastasia-2.local" failures="0" tests="3" name="test.TeamDAOTest" time="0.252" errors="0" timestamp="24 Mar 2020 11:08:18 GMT" skipped="0">
  <testcase classname="test.TeamDAOTest" name="getTrainer" time="0.085"/>
  <testcase classname="test.TeamDAOTest" name="saveUpdateDelete" time="0.087"/>
  <testcase classname="test.TeamDAOTest" name="findAll" time="0.080"/>
</testsuite> <!-- test.TeamDAOTest -->
