<?xml version="1.0" encoding="UTF-8"?>
<!-- Generated by org.testng.reporters.JUnitReportReporter -->
<testsuite hostname="MacBook-Pro-Anastasia-2.local" failures="0" tests="2" name="test.CompSportsmenDAOTest" time="0.219" errors="0" timestamp="24 Mar 2020 11:08:18 GMT" skipped="0">
  <testcase classname="test.CompSportsmenDAOTest" name="getCompSportsmen" time="0.128"/>
  <testcase classname="test.CompSportsmenDAOTest" name="findAll" time="0.091"/>
</testsuite> <!-- test.CompSportsmenDAOTest -->
