<?xml version="1.0" encoding="UTF-8"?>
<!-- Generated by org.testng.reporters.JUnitReportReporter -->
<testsuite skipped="0" hostname="MacBook-Pro-Anastasia-2.local" name="selenium.Testing" tests="2" failures="0" timestamp="19 Apr 2020 17:11:09 GMT" time="9.528" errors="0">
  <testcase name="wrongTest" time="2.749" classname="selenium.Testing"/>
  <testcase name="pagesTest" time="6.779" classname="selenium.Testing"/>
</testsuite> <!-- selenium.Testing -->
