<?xml version="1.0" encoding="UTF-8"?>
<!-- Generated by org.testng.reporters.JUnitReportReporter -->
<testsuite skipped="0" hostname="MacBook-Pro-Anastasia-2.local" name="selenium.Testing" tests="2" failures="0" timestamp="20 Apr 2020 19:15:18 GMT" time="14.911" errors="0">
  <testcase name="pagesTest" time="11.929" classname="selenium.Testing"/>
  <testcase name="wrongTest" time="2.982" classname="selenium.Testing"/>
</testsuite> <!-- selenium.Testing -->
